2025-04-15 10:27:16,481 [INFO] NorthOpenPitMine: simulation started with dispatcher NaiveDispatcher
2025-04-15 10:27:16,482 [INFO] Truck: Time:<0> Truck:[Fuel Card1] Activated at 0, Target load site is ORDER(0):North Open-pit Mine Load Site 1, move distance is 10
2025-04-15 10:27:16,482 [INFO] Truck: Time:<0> Truck:[Electric Card1] Activated at 0, Target load site is ORDER(0):North Open-pit Mine Load Site 1, move distance is 10
2025-04-15 10:27:16,482 [INFO] Truck: Time:<0> Truck:[Truck1] Activated at 0, Target load site is ORDER(0):North Open-pit Mine Load Site 1, move distance is 10
2025-04-15 10:27:16,486 [INFO] Truck: Time:<24.0> Truck:[Fuel Card1] Arrived at North Open-pit Mine Load Site 1 at 24.0
2025-04-15 10:27:16,486 [INFO] Truck: Time:<24.0> Truck:[Truck1] Arrived at North Open-pit Mine Load Site 1 at 24.0
2025-04-15 10:27:16,486 [INFO] Truck: Time:<24.0> Truck:[Fuel Card1] Start loading at shovel LoadSite-1 Shovel-1, load time is 60.0
2025-04-15 10:27:16,486 [INFO] Truck: Time:<24.0> Truck:[Truck1] Start loading at shovel LoadSite-1 Shovel-2, load time is 100.0
2025-04-15 10:27:16,491 [INFO] Truck: Time:<60.0> Truck:[Electric Card1] Arrived at North Open-pit Mine Load Site 1 at 60.0
2025-04-15 10:27:16,493 [INFO] Truck: Time:<84.0> Truck:[Fuel Card1] Finish loading at shovel LoadSite-1 Shovel-1
2025-04-15 10:27:16,494 [INFO] Road: [RoadEvent] Road from North Open-pit Mine Load Site 1 to North Open-pit Mine Dump Site 1 is in repair，the repair will last for 54.20 mins, and will end at 138.20, vehicle on this road will have to suffer punish_distance.
2025-04-15 10:27:16,494 [DEBUG] Truck: Time:<84.0> Truck:[Fuel Card1] Start moving to ORDER(0): North Open-pit Mine Dump Site 1, move distance is 15.428188413764182, speed: 25
2025-04-15 10:27:16,495 [INFO] Truck: Time:<60> Truck:[Fuel Card1] breakdown for 12.734123777568753 minutes at 60
2025-04-15 10:27:16,495 [INFO] Truck: Time:<84.0> Truck:[Electric Card1] Start loading at shovel LoadSite-1 Shovel-1, load time is 240.0
2025-04-15 10:27:16,499 [INFO] NorthOpenPitMine: simulation finished with dispatcher NaiveDispatcher
2025-04-15 10:27:16,532 [INFO] NorthOpenPitMine: simulation started with dispatcher RandomDispatcher
2025-04-15 10:27:16,533 [INFO] Truck: Time:<0> Truck:[Fuel Card1] Activated at 0, Target load site is ORDER(2):North Open-pit Mine Load Site 3, move distance is 10
2025-04-15 10:27:16,533 [INFO] Truck: Time:<0> Truck:[Electric Card1] Activated at 0, Target load site is ORDER(1):North Open-pit Mine Load Site 2, move distance is 10
2025-04-15 10:27:16,533 [INFO] Truck: Time:<0> Truck:[Truck1] Activated at 0, Target load site is ORDER(2):North Open-pit Mine Load Site 3, move distance is 10
2025-04-15 10:27:16,536 [INFO] Truck: Time:<24.0> Truck:[Fuel Card1] Arrived at North Open-pit Mine Load Site 3 at 24.0
2025-04-15 10:27:16,536 [INFO] Truck: Time:<24.0> Truck:[Truck1] Arrived at North Open-pit Mine Load Site 3 at 24.0
2025-04-15 10:27:16,537 [INFO] Truck: Time:<24.0> Truck:[Fuel Card1] Start loading at shovel LoadSite-3 Shovel-1, load time is 9.0
2025-04-15 10:27:16,538 [INFO] Truck: Time:<33.0> Truck:[Fuel Card1] Finish loading at shovel LoadSite-3 Shovel-1
2025-04-15 10:27:16,538 [DEBUG] Truck: Time:<33.0> Truck:[Fuel Card1] Start moving to ORDER(1): North Open-pit Mine Dump Site 2, move distance is 10, speed: 25
2025-04-15 10:27:16,538 [INFO] Truck: Time:<33.0> Truck:[Truck1] Start loading at shovel LoadSite-3 Shovel-1, load time is 15.0
2025-04-15 10:27:16,541 [INFO] Truck: Time:<48.0> Truck:[Truck1] Finish loading at shovel LoadSite-3 Shovel-1
2025-04-15 10:27:16,541 [INFO] Road: [RoadEvent] Road from North Open-pit Mine Load Site 3 to North Open-pit Mine Dump Site 3 is in repair，the repair will last for 50.56 mins, and will end at 98.56, vehicle on this road will have to suffer punish_distance.
2025-04-15 10:27:16,542 [DEBUG] Truck: Time:<48.0> Truck:[Truck1] Start moving to ORDER(2): North Open-pit Mine Dump Site 3, move distance is 18.615416849470314, speed: 25
2025-04-15 10:27:16,542 [INFO] Truck: Time:<26> Truck:[Truck1] breakdown for 11.709145578653784 minutes at 26
2025-04-15 10:27:16,543 [DEBUG] Truck: Time:<57.0> Truck:[Fuel Card1] Arrived at North Open-pit Mine Dump Site 2 at 57.0
2025-04-15 10:27:16,543 [INFO] Truck: Time:<58.0> Truck:[Fuel Card1] Finish unloading at dumper North Open-pit Mine Dump Site 2-点位0, dumper tons is 31.644879494509844
2025-04-15 10:27:16,543 [DEBUG] Truck: Time:<58.0> Truck:[Fuel Card1] Start moving to ORDER(2):North Open-pit Mine Load Site 3, move distance is 10, speed: 25
2025-04-15 10:27:16,543 [INFO] Truck: Time:<48> Truck:[Fuel Card1] breakdown for 10.925585930507633 minutes at 48
2025-04-15 10:27:16,544 [INFO] Truck: Time:<60.0> Truck:[Electric Card1] Arrived at North Open-pit Mine Load Site 2 at 60.0
2025-04-15 10:27:16,544 [INFO] Truck: Time:<60.0> Truck:[Electric Card1] Start loading at shovel LoadSite-2 Shovel-1, load time is 240.0
2025-04-15 10:27:16,547 [INFO] Truck: Time:<92.92558593050764> Truck:[Fuel Card1] Arrived at North Open-pit Mine Load Site 3 at 92.92558593050764
2025-04-15 10:27:16,547 [INFO] Truck: Time:<92.92558593050764> Truck:[Fuel Card1] Start loading at shovel LoadSite-3 Shovel-1, load time is 9.0
2025-04-15 10:27:16,550 [INFO] Truck: Time:<101.92558593050764> Truck:[Fuel Card1] Finish loading at shovel LoadSite-3 Shovel-1
2025-04-15 10:27:16,550 [DEBUG] Truck: Time:<101.92558593050764> Truck:[Fuel Card1] Start moving to ORDER(1): North Open-pit Mine Dump Site 2, move distance is 10, speed: 25
2025-04-15 10:27:16,550 [INFO] Truck: Time:<100> Truck:[Fuel Card1] breakdown for 4.124599654703248 minutes at 100
2025-04-15 10:27:16,550 [DEBUG] Truck: Time:<104.38614601738254> Truck:[Truck1] Arrived at North Open-pit Mine Dump Site 3 at 104.38614601738254
2025-04-15 10:27:16,550 [INFO] Truck: Time:<105.38614601738254> Truck:[Truck1] Finish unloading at dumper North Open-pit Mine Dump Site 3-点位0, dumper tons is 48.205541119528
2025-04-15 10:27:16,551 [INFO] Road: [RoadEvent] Road from North Open-pit Mine Dump Site 3 to North Open-pit Mine Load Site 1 is in repair，the repair will last for 61.24 mins, and will end at 166.62, vehicle on this road will have to suffer punish_distance.
2025-04-15 10:27:16,551 [DEBUG] Truck: Time:<105.38614601738254> Truck:[Truck1] Start moving to ORDER(0):North Open-pit Mine Load Site 1, move distance is 16.079062855881787, speed: 25
2025-04-15 10:27:16,551 [INFO] Truck: Time:<98> Truck:[Truck1] breakdown for 15.895211750184087 minutes at 98
2025-04-15 10:27:16,552 [INFO] NorthOpenPitMine: simulation finished with dispatcher RandomDispatcher
2025-04-15 10:27:16,619 [INFO] NorthOpenPitMine: simulation started with dispatcher NearestDispatcher
2025-04-15 10:27:16,619 [INFO] Truck: Time:<0> Truck:[Fuel Card1] Activated at 0, Target load site is ORDER(0):North Open-pit Mine Load Site 1, move distance is 10
2025-04-15 10:27:16,620 [INFO] Truck: Time:<0> Truck:[Electric Card1] Activated at 0, Target load site is ORDER(0):North Open-pit Mine Load Site 1, move distance is 10
2025-04-15 10:27:16,620 [INFO] Truck: Time:<0> Truck:[Truck1] Activated at 0, Target load site is ORDER(0):North Open-pit Mine Load Site 1, move distance is 10
2025-04-15 10:27:16,624 [INFO] Truck: Time:<24.0> Truck:[Fuel Card1] Arrived at North Open-pit Mine Load Site 1 at 24.0
2025-04-15 10:27:16,624 [INFO] Truck: Time:<24.0> Truck:[Truck1] Arrived at North Open-pit Mine Load Site 1 at 24.0
2025-04-15 10:27:16,624 [INFO] Truck: Time:<24.0> Truck:[Fuel Card1] Start loading at shovel LoadSite-1 Shovel-1, load time is 60.0
2025-04-15 10:27:16,624 [INFO] Truck: Time:<24.0> Truck:[Truck1] Start loading at shovel LoadSite-1 Shovel-2, load time is 100.0
2025-04-15 10:27:16,628 [INFO] Truck: Time:<60.0> Truck:[Electric Card1] Arrived at North Open-pit Mine Load Site 1 at 60.0
2025-04-15 10:27:16,631 [INFO] Truck: Time:<84.0> Truck:[Fuel Card1] Finish loading at shovel LoadSite-1 Shovel-1
2025-04-15 10:27:16,632 [INFO] Road: [RoadEvent] Road from North Open-pit Mine Load Site 1 to North Open-pit Mine Dump Site 1 is in repair，the repair will last for 66.95 mins, and will end at 150.95, vehicle on this road will have to suffer punish_distance.
2025-04-15 10:27:16,632 [DEBUG] Truck: Time:<84.0> Truck:[Fuel Card1] Start moving to ORDER(0): North Open-pit Mine Dump Site 1, move distance is 14.629171995429095, speed: 25
2025-04-15 10:27:16,632 [INFO] Truck: Time:<82> Truck:[Fuel Card1] breakdown for 9.135710109302817 minutes at 82
2025-04-15 10:27:16,632 [INFO] Truck: Time:<84.0> Truck:[Electric Card1] Start loading at shovel LoadSite-1 Shovel-1, load time is 240.0
2025-04-15 10:27:16,637 [INFO] NorthOpenPitMine: simulation finished with dispatcher NearestDispatcher
2025-04-15 10:27:16,674 [INFO] NorthOpenPitMine: simulation started with dispatcher FixedGroupDispatcher
2025-04-15 10:27:16,675 [INFO] Truck: Time:<0> Truck:[Fuel Card1] Activated at 0, Target load site is ORDER(0):North Open-pit Mine Load Site 1, move distance is 10
2025-04-15 10:27:16,675 [INFO] Truck: Time:<0> Truck:[Electric Card1] Activated at 0, Target load site is ORDER(0):North Open-pit Mine Load Site 1, move distance is 10
2025-04-15 10:27:16,675 [INFO] Truck: Time:<0> Truck:[Truck1] Activated at 0, Target load site is ORDER(1):North Open-pit Mine Load Site 2, move distance is 10
2025-04-15 10:27:16,678 [INFO] Truck: Time:<24.0> Truck:[Fuel Card1] Arrived at North Open-pit Mine Load Site 1 at 24.0
2025-04-15 10:27:16,678 [INFO] Truck: Time:<24.0> Truck:[Truck1] Arrived at North Open-pit Mine Load Site 2 at 24.0
2025-04-15 10:27:16,679 [INFO] Truck: Time:<24.0> Truck:[Fuel Card1] Start loading at shovel LoadSite-1 Shovel-1, load time is 60.0
2025-04-15 10:27:16,679 [INFO] Truck: Time:<24.0> Truck:[Truck1] Start loading at shovel LoadSite-2 Shovel-1, load time is 100.0
2025-04-15 10:27:16,682 [INFO] Truck: Time:<60.0> Truck:[Electric Card1] Arrived at North Open-pit Mine Load Site 1 at 60.0
2025-04-15 10:27:16,683 [INFO] Truck: Time:<60.0> Truck:[Electric Card1] Start loading at shovel LoadSite-1 Shovel-2, load time is 240.0
2025-04-15 10:27:16,685 [INFO] Truck: Time:<84.0> Truck:[Fuel Card1] Finish loading at shovel LoadSite-1 Shovel-1
2025-04-15 10:27:16,685 [INFO] Road: [RoadEvent] Road from North Open-pit Mine Load Site 1 to North Open-pit Mine Dump Site 1 is in repair，the repair will last for 65.52 mins, and will end at 149.52, vehicle on this road will have to suffer punish_distance.
2025-04-15 10:27:16,685 [DEBUG] Truck: Time:<84.0> Truck:[Fuel Card1] Start moving to ORDER(0): North Open-pit Mine Dump Site 1, move distance is 14.108469338556258, speed: 25
2025-04-15 10:27:16,687 [INFO] Truck: Time:<78> Truck:[Fuel Card1] breakdown for 7.3605750528555385 minutes at 78
2025-04-15 10:27:16,690 [INFO] NorthOpenPitMine: simulation finished with dispatcher FixedGroupDispatcher
